Using pre-set license
Built from '2020.2/staging' branch; Version is '2020.2.6f1 (8a2143876886) revision 9052483'; Using compiler version '192528614'; Build Type 'Release'
OS: 'Windows 10 Pro; OS build 18363.1316; Version 1909; 64bit' Language: 'en' Physical Memory: 7872 MB
BatchMode: 1, IsHumanControllingUs: 0, StartBugReporterOnCrash: 0, Is64bit: 1, IsPro: 0

 COMMAND LINE ARGUMENTS:
C:\Program Files\Unity\Hub\Editor\2020.2.6f1\Editor\Unity.exe
-adb2
-batchMode
-noUpm
-name
AssetImportWorker0
-projectPath
C:/Users/Matt/Documents/GitHub/ObraDinnTutorial
-logFile
Logs/AssetImportWorker0.log
-srvPort
56353
Successfully changed project path to: C:/Users/Matt/Documents/GitHub/ObraDinnTutorial
C:/Users/Matt/Documents/GitHub/ObraDinnTutorial
Using Asset Import Pipeline V2.
Refreshing native plugins compatible for Editor in 32.29 ms, found 0 plugins.
Preloading 0 native plugins for Editor in 0.00 ms.
Initialize engine version: 2020.2.6f1 (8a2143876886)
[Subsystems] Discovering subsystems at path C:/Program Files/Unity/Hub/Editor/2020.2.6f1/Editor/Data/Resources/UnitySubsystems
[Subsystems] Discovering subsystems at path C:/Users/Matt/Documents/GitHub/ObraDinnTutorial/Assets
GfxDevice: creating device client; threaded=0
Direct3D:
    Version:  Direct3D 11.0 [level 11.1]
    Renderer: Intel(R) HD Graphics 5500 (ID=0x1616)
    Vendor:   
    VRAM:     3936 MB
    Driver:   20.19.15.4531
Initialize mono
Mono path[0] = 'C:/Program Files/Unity/Hub/Editor/2020.2.6f1/Editor/Data/Managed'
Mono path[1] = 'C:/Program Files/Unity/Hub/Editor/2020.2.6f1/Editor/Data/MonoBleedingEdge/lib/mono/unityjit'
Mono config path = 'C:/Program Files/Unity/Hub/Editor/2020.2.6f1/Editor/Data/MonoBleedingEdge/etc'
Using monoOptions --debugger-agent=transport=dt_socket,embedding=1,server=y,suspend=n,address=127.0.0.1:56460
Begin MonoManager ReloadAssembly
Registering precompiled unity dll's ...
Register platform support module: C:/Program Files/Unity/Hub/Editor/2020.2.6f1/Editor/Data/PlaybackEngines/WebGLSupport/UnityEditor.WebGL.Extensions.dll
Register platform support module: C:/Program Files/Unity/Hub/Editor/2020.2.6f1/Editor/Data/PlaybackEngines/WindowsStandaloneSupport/UnityEditor.WindowsStandalone.Extensions.dll
Registered in 0.003955 seconds.
Native extension for WindowsStandalone target not found
Native extension for WebGL target not found
Refreshing native plugins compatible for Editor in 36.28 ms, found 0 plugins.
Preloading 0 native plugins for Editor in 0.00 ms.
Invoked RoslynAnalysisRunner static constructor.
RoslynAnalysisRunner will not be running.
RoslynAnalysisRunner has terminated.
Mono: successfully reloaded assembly
- Completed reload, in  1.651 seconds
Platform modules already initialized, skipping
Registering precompiled user dll's ...
Registered in 0.000946 seconds.
Begin MonoManager ReloadAssembly
Native extension for WindowsStandalone target not found
Native extension for WebGL target not found
Refreshing native plugins compatible for Editor in 0.21 ms, found 0 plugins.
Preloading 0 native plugins for Editor in 0.00 ms.
Invoked RoslynAnalysisRunner static constructor.
RoslynAnalysisRunner will not be running.
RoslynAnalysisRunner has terminated.
Mono: successfully reloaded assembly
- Completed reload, in  1.082 seconds
Platform modules already initialized, skipping
========================================================================
Worker process is ready to serve import requests
Launched and connected shader compiler UnityShaderCompiler.exe after 0.07 seconds
Refreshing native plugins compatible for Editor in 0.33 ms, found 0 plugins.
Preloading 0 native plugins for Editor in 0.00 ms.
Unloading 1125 Unused Serialized files (Serialized files now loaded: 0)
System memory in use before: 70.4 MB.
System memory in use after: 70.5 MB.

Unloading 9 unused Assets to reduce memory usage. Loaded Objects now: 1584.
Total: 2.411900 ms (FindLiveObjects: 0.164800 ms CreateObjectMapping: 0.050900 ms MarkObjects: 2.103200 ms  DeleteObjects: 0.091500 ms)

========================================================================
Received Import Request.
  path: Assets/ObraDinn/Effects_Dither.mat
  artifactKey: Guid(8659a643c764b0141a8e00cc5f0adba9) Importer(815301076,1909f56bfc062723c751e8b465ee728b)
Start importing Assets/ObraDinn/Effects_Dither.mat using Guid(8659a643c764b0141a8e00cc5f0adba9) Importer(815301076,1909f56bfc062723c751e8b465ee728b)  -> (artifact id: '3d3ffe8ec6a087aef6dfda36efc0c4a6') in 0.196442 seconds
  Import took 0.201281 seconds .

========================================================================
Received Import Request.
  Time since last request: 7.660912 seconds.
  path: Assets/ObraDinn/BayerMatrix.png
  artifactKey: Guid(86a1b36cf71207e43a52828b752bd622) Importer(815301076,1909f56bfc062723c751e8b465ee728b)
Start importing Assets/ObraDinn/BayerMatrix.png using Guid(86a1b36cf71207e43a52828b752bd622) Importer(815301076,1909f56bfc062723c751e8b465ee728b)  -> (artifact id: 'bba68b199f80901f2035427a70ad3396') in 0.145531 seconds
  Import took 0.151303 seconds .

========================================================================
Received Import Request.
  Time since last request: 0.000317 seconds.
  path: Assets/ObraDinn/BlueNoise.png
  artifactKey: Guid(804445fbbe7bb7b45811df97d72ae11b) Importer(815301076,1909f56bfc062723c751e8b465ee728b)
Start importing Assets/ObraDinn/BlueNoise.png using Guid(804445fbbe7bb7b45811df97d72ae11b) Importer(815301076,1909f56bfc062723c751e8b465ee728b)  -> (artifact id: 'ab555c8d04e95aa8ec09659c30430728') in 0.047881 seconds
  Import took 0.051921 seconds .

========================================================================
Received Prepare
Registering precompiled user dll's ...
Registered in 0.001260 seconds.
Begin MonoManager ReloadAssembly
Native extension for WindowsStandalone target not found
Native extension for WebGL target not found
Refreshing native plugins compatible for Editor in 0.21 ms, found 0 plugins.
Preloading 0 native plugins for Editor in 0.00 ms.
Invoked RoslynAnalysisRunner static constructor.
RoslynAnalysisRunner will not be running.
RoslynAnalysisRunner has terminated.
Mono: successfully reloaded assembly
- Completed reload, in  1.019 seconds
Platform modules already initialized, skipping
Refreshing native plugins compatible for Editor in 0.34 ms, found 0 plugins.
Preloading 0 native plugins for Editor in 0.00 ms.
Unloading 1116 Unused Serialized files (Serialized files now loaded: 0)
System memory in use before: 73.4 MB.
System memory in use after: 73.5 MB.

Unloading 4 unused Assets to reduce memory usage. Loaded Objects now: 1628.
Total: 2.022500 ms (FindLiveObjects: 0.132100 ms CreateObjectMapping: 0.038300 ms MarkObjects: 1.831400 ms  DeleteObjects: 0.019100 ms)

========================================================================
Received Import Request.
  Time since last request: 42.136570 seconds.
  path: Assets/ObraDinn/BlueNoise.png
  artifactKey: Guid(804445fbbe7bb7b45811df97d72ae11b) Importer(815301076,1909f56bfc062723c751e8b465ee728b)
Start importing Assets/ObraDinn/BlueNoise.png using Guid(804445fbbe7bb7b45811df97d72ae11b) Importer(815301076,1909f56bfc062723c751e8b465ee728b)  -> (artifact id: '57c35cf3371fb4f571c1aebfa5b36832') in 0.064223 seconds
  Import took 0.067716 seconds .

========================================================================
Received Import Request.
  Time since last request: 0.949959 seconds.
  path: Assets/ObraDinn/BayerMatrix.png
  artifactKey: Guid(86a1b36cf71207e43a52828b752bd622) Importer(815301076,1909f56bfc062723c751e8b465ee728b)
Start importing Assets/ObraDinn/BayerMatrix.png using Guid(86a1b36cf71207e43a52828b752bd622) Importer(815301076,1909f56bfc062723c751e8b465ee728b)  -> (artifact id: '4425081a4630968a7951d1b5d67ed279') in 0.013667 seconds
  Import took 0.017180 seconds .

========================================================================
Received Import Request.
  Time since last request: 0.020889 seconds.
  path: Assets/ObraDinn/BayerMatrix.png
  artifactKey: Guid(86a1b36cf71207e43a52828b752bd622) Importer(815301076,1909f56bfc062723c751e8b465ee728b)
Start importing Assets/ObraDinn/BayerMatrix.png using Guid(86a1b36cf71207e43a52828b752bd622) Importer(815301076,1909f56bfc062723c751e8b465ee728b)  -> (artifact id: '4425081a4630968a7951d1b5d67ed279') in 0.023430 seconds
  Import took 0.028705 seconds .

========================================================================
Received Prepare
Registering precompiled user dll's ...
Registered in 0.000956 seconds.
Begin MonoManager ReloadAssembly
Native extension for WindowsStandalone target not found
Native extension for WebGL target not found
Refreshing native plugins compatible for Editor in 0.21 ms, found 0 plugins.
Preloading 0 native plugins for Editor in 0.00 ms.
Invoked RoslynAnalysisRunner static constructor.
RoslynAnalysisRunner will not be running.
RoslynAnalysisRunner has terminated.
Mono: successfully reloaded assembly
- Completed reload, in  1.079 seconds
Platform modules already initialized, skipping
Refreshing native plugins compatible for Editor in 0.25 ms, found 0 plugins.
Preloading 0 native plugins for Editor in 0.00 ms.
Unloading 1116 Unused Serialized files (Serialized files now loaded: 0)
System memory in use before: 73.4 MB.
System memory in use after: 73.5 MB.

Unloading 4 unused Assets to reduce memory usage. Loaded Objects now: 1630.
Total: 2.351400 ms (FindLiveObjects: 0.477500 ms CreateObjectMapping: 0.247100 ms MarkObjects: 1.597000 ms  DeleteObjects: 0.028200 ms)

========================================================================
Received Import Request.
  Time since last request: 33.730027 seconds.
  path: Assets/ObraDinn/Effects_Dither.mat
  artifactKey: Guid(8659a643c764b0141a8e00cc5f0adba9) Importer(815301076,1909f56bfc062723c751e8b465ee728b)
Start importing Assets/ObraDinn/Effects_Dither.mat using Guid(8659a643c764b0141a8e00cc5f0adba9) Importer(815301076,1909f56bfc062723c751e8b465ee728b)  -> (artifact id: 'b0476ade74200975d9cb20b0d25f6023') in 0.179557 seconds
  Import took 0.183820 seconds .

========================================================================
Received Prepare
Registering precompiled user dll's ...
Registered in 0.004355 seconds.
Begin MonoManager ReloadAssembly
Native extension for WindowsStandalone target not found
Native extension for WebGL target not found
Refreshing native plugins compatible for Editor in 0.64 ms, found 0 plugins.
Preloading 0 native plugins for Editor in 0.00 ms.
Invoked RoslynAnalysisRunner static constructor.
RoslynAnalysisRunner will not be running.
RoslynAnalysisRunner has terminated.
Mono: successfully reloaded assembly
- Completed reload, in  4.198 seconds
Platform modules already initialized, skipping
Refreshing native plugins compatible for Editor in 1.05 ms, found 0 plugins.
Preloading 0 native plugins for Editor in 0.00 ms.
Unloading 1116 Unused Serialized files (Serialized files now loaded: 0)
System memory in use before: 73.5 MB.
System memory in use after: 73.6 MB.

Unloading 4 unused Assets to reduce memory usage. Loaded Objects now: 1633.
Total: 8.362900 ms (FindLiveObjects: 0.543800 ms CreateObjectMapping: 0.280800 ms MarkObjects: 7.472900 ms  DeleteObjects: 0.060800 ms)

AssetImportWorkerClient::OnTransportError - code=2 error=End of file
